001 HAM 0.1773539198051300970632759669
002 SPAM 0.9997953581778937105597455488
003 HAM 1.154910315419891957068E-7
004 HAM 4.769289556875568181898E-7
005 HAM 3.95247042002775076369E-8
006 HAM 0.0002892607744301737329216192
007 HAM 1.1E-27
008 SPAM 0.9321388316672992586192239405
009 HAM 2.4730525E-21
010 HAM 0.0225182282952771194053713527
011 SPAM 0.9999999999998414578859971663
012 HAM 1.5466608990320E-15
013 HAM 1.141875657853E-16
014 HAM 1.10959789915E-17
015 HAM 2.40560194338620951E-11
016 SPAM 0.9998889669921878801268259507
017 HAM 0.0000614113420616621280709611
018 HAM 0.0001132759980085540752306661
019 SPAM 0.9999859947132341554527924453
020 HAM 2.896816617E-19
021 HAM 6.525406870357716840128E-7
022 HAM 6.677735933199566E-13
023 HAM 9.346229774495088015E-10
024 HAM 0.0011626951667302710445970764
025 HAM 1.808357835987350E-13
026 SPAM 0.9734889911474575092311238664
027 HAM 0
028 HAM 2.015871909592605557E-10
029 HAM 1.867357636301E-16
030 SPAM 0.9999999578133276114951824478
031 HAM 1.6910758230380316E-12
032 HAM 0.0163203693915703821164730984
033 HAM 3.633780521651321E-13
034 HAM 5.61430E-23
035 HAM 4.836260547293782E-13
036 HAM 5.30698642E-20
037 HAM 9.91117285189320E-14
038 SPAM 0.9945207965829715965658781264
039 HAM 0.0015675331094437177422464903
040 HAM 1.4315447076923868E-12
041 HAM 3.112617102955E-16
042 SPAM 0.8111685003086155757846304673
043 HAM 8.6873305731056E-15
044 HAM 0.1078271560826784021602575360
045 HAM 0.0007517955369400844879408451
046 HAM 9.439397308435E-16
047 HAM 8.4394081660828E-15
048 HAM 0.1390663656454221495221754311
049 HAM 0.0428210993029397283599751166
050 HAM 0.1431667483064771367080820674
051 HAM 8.8E-27
052 SPAM 0.9999999999993821046934142076
053 HAM 0.0010366262372021035864283838
054 HAM 0.0000014153136805190911072082
055 HAM 3.2503527848E-18
056 HAM 0.0632237865048977576534981627
057 HAM 5.26050001330286456648E-8
058 SPAM 0.9999999999999995301524670401
059 HAM 2.226234731E-19
060 HAM 1.24969435540695260784E-8
061 SPAM 0.9657846958760795567520129416
062 HAM 0.0006305737126050355561247616
063 HAM 0.0002046896777846874679486273
064 SPAM 0.9859893187314376096320273798
065 HAM 0.3601182972361113866291111729
066 HAM 4.04494673996E-17
067 HAM 4.5017946332362325E-12
068 SPAM 0.9999998383911816068747695934
069 HAM 2.42381808563736011E-11
070 HAM 0.0000193302129319604995661074
071 SPAM 0.9999999957444878508138064959
072 SPAM 0.8356441177333044722032823669
073 HAM 1.0847835621182E-15
074 HAM 0.0065510642184571029773788396
075 HAM 1.1748704575648600E-12
076 SPAM 0.7135591880119606844051821295
077 HAM 7.00704064988309489E-11
078 HAM 2.3226118700056088225E-9
079 HAM 1.59094645295544E-14
080 HAM 1.09608382170796E-14
081 HAM 0.0066597627868563571010493411
082 HAM 0.0003092238644888746280391560
083 SPAM 0.8935418004473519371306818291
084 HAM 9.3502017406E-18
085 HAM 3.58089947299E-17
086 HAM 4.1790925970909306E-12
087 HAM 0.0039292127267363125347734790
088 SPAM 0.9865093677980958416219552673
089 HAM 4.230446355E-19
090 HAM 1.002354E-22
091 HAM 1.71E-26
092 SPAM 0.5294044379758419011710803862
093 HAM 0.0000038559047120652445884044
094 HAM 9.9001003169713E-15
095 HAM 5.891187688678449353609E-7
096 HAM 0.0319055927849186738521437385
097 HAM 9.751238888933765E-13
098 SPAM 0.9999991187475837823851154944
099 HAM 2.7748155E-21
100 HAM 1.84096E-23

HAM
Dictionary Size: 2298
Total Number of Words: 14572

SPAM
Dictionary Size: 6881
Total Number of Words: 20403
